0 index.html 16:58:57 16:58:57
0 index.html 16:59:00 16:59:00
0 index.html 16:59:01 16:59:01
0 index.html 17:00:59 17:00:59
0 index.html 17:01:00 17:01:00
0 index.html 17:01:00 17:01:00
0 index.html 17:01:02 17:01:02
0 index.html 17:01:03 17:01:03
0 index.html 17:01:24 17:01:24
0 index.html 17:06:22 17:06:22
0 index.html 17:06:23 17:06:23
0 index.html 17:06:23 17:06:23
0 index.html 17:06:23 17:06:23
0 index.html 18:47:49 18:47:49
0 index.html 18:53:57 18:53:57
0 favicon.ico 18:53:58 18:53:58
0 index.html 19:05:49 19:05:49
0 index.html 19:13:48 19:13:48
0 index.html 19:26:35 19:26:35
0 index.html 19:28:27 19:28:27
0 index.html 19:34:08 19:34:08
0 index.html 19:38:32 19:38:32
0 index.html 19:38:33 19:38:33
0 index.html 19:51:20 19:51:20
0 index.html 19:51:21 19:51:21
0 index.html 19:58:44 19:58:44
0 index.html 20:01:30 20:01:30
0 index.html 20:11:11 20:11:11
0 index.html 20:16:21 20:16:21
0 index.html 20:30:35 20:30:35
0 index.html 20:30:35 20:30:35
0 index.html 20:38:59 20:38:59
0 index.html 20:39:02 20:39:02
0 index.html 20:39:04 20:39:04
0 index.html 20:39:05 20:39:05
0 index.html 20:39:06 20:39:06
0 index.html 20:39:08 20:39:08
0 index.html 20:39:09 20:39:09
0 index.html 20:39:09 20:39:09
0 index.html 20:39:10 20:39:10
0 index.html 20:39:10 20:39:10
0 index.html 20:39:10 20:39:10
0 index.html 20:39:10 20:39:10
0 index.html 20:39:10 20:39:10
0 index.html 20:39:11 20:39:11
0 index.html 20:39:11 20:39:11
0 index.html 20:39:11 20:39:11
0 index.html 20:39:12 20:39:12
0 index.html 20:39:12 20:39:12
0 index.html 20:39:12 20:39:12
0 index.html 20:39:12 20:39:12
0 index.html 20:39:12 20:39:12
0 index.html 20:39:13 20:39:13
0 index.html 20:39:13 20:39:13
0 index.html 20:39:13 20:39:13
0 index.html 20:39:13 20:39:13
0 index.html 20:39:13 20:39:13
0 index.html 20:39:13 20:39:13
0 index.html 20:39:14 20:39:14
0 index.html 20:39:14 20:39:14
0 index.html 20:39:14 20:39:14
0 index.html 20:39:14 20:39:14
0 index.html 20:39:14 20:39:14
0 index.html 20:39:15 20:39:15
0 index.html 20:39:15 20:39:15
0 index.html 20:39:15 20:39:15
0 index.html 20:39:15 20:39:15
0 index.html 20:39:15 20:39:15
0 index.html 20:39:16 20:39:16
0 index.html 20:39:16 20:39:16
0 index.html 20:39:16 20:39:16
0 index.html 20:39:16 20:39:16
0 index.html 20:39:16 20:39:16
0 index.html 20:39:17 20:39:17
0 index.html 20:39:17 20:39:17
0 index.html 20:39:17 20:39:17
0 index.html 20:39:18 20:39:18
0 index.html 20:39:18 20:39:18
0 index.html 20:39:18 20:39:18
0 index.html 20:39:18 20:39:18
0 index.html 20:39:18 20:39:18
0 index.html 20:39:18 20:39:18
0 index.html 20:39:18 20:39:18
0 index.html 21:01:45 21:01:45
0 index.html 21:01:48 21:01:48
0 index.html 21:01:48 21:01:48
0 index.html 21:01:48 21:01:48
0 index.html 21:01:48 21:01:48
0 index.html 21:01:48 21:01:48
0 index.html 21:01:48 21:01:48
0 index.html 21:01:49 21:01:49
0 index.html 21:01:49 21:01:49
0 index.html 21:01:49 21:01:49
0 index.html 21:01:49 21:01:49
0 index.html 21:01:49 21:01:49
0 index.html 21:01:49 21:01:49
0 index.html 21:01:49 21:01:49
0 index.html 21:01:49 21:01:49
0 index.html 21:01:49 21:01:49
0 index.html 21:01:49 21:01:49
0 index.html 21:01:49 21:01:49
0 index.html 21:01:49 21:01:49
0 index.html 21:01:49 21:01:49
0 index.html 21:01:49 21:01:49
0 index.html 21:01:49 21:01:49
0 index.html 21:01:49 21:01:49
0 index.html 21:01:49 21:01:49
0 index.html 21:01:49 21:01:49
0 index.html 21:01:49 21:01:49
0 index.html 21:01:49 21:01:49
0 index.html 21:01:49 21:01:49
0 index.html 21:01:50 21:01:50
0 index.html 21:01:50 21:01:50
0 index.html 21:01:50 21:01:50
0 index.html 21:01:51 21:01:51
0 index.html 21:01:50 21:01:50
0 index.html 21:01:51 21:01:51
0 index.html 21:01:52 21:01:52
0 index.html 21:01:51 21:01:51
0 index.html 21:01:50 21:01:50
0 index.html 21:01:51 21:01:51
0 index.html 21:01:52 21:01:52
0 index.html 21:01:52 21:01:52
0 index.html 21:01:52 21:01:52
0 index.html 21:01:52 21:01:52
0 index.html 21:01:52 21:01:52
0 index.html 21:01:52 21:01:52
0 index.html 21:01:52 21:01:52
0 index.html 21:01:52 21:01:52
0 index.html 21:01:52 21:01:52
0 index.html 21:01:52 21:01:52
0 index.html 21:01:51 21:01:51
0 index.html 21:01:52 21:01:52
0 index.html 21:01:53 21:01:53
0 index.html 21:01:53 21:01:53
0 index.html 21:01:53 21:01:53
0 index.html 21:01:53 21:01:53
0 index.html 21:01:53 21:01:53
0 index.html 21:01:53 21:01:53
0 index.html 21:01:54 21:01:54
0 index.html 21:01:55 21:01:55
0 index.html 21:01:55 21:01:55
0 index.html 21:01:55 21:01:55
0 index.html 21:01:55 21:01:55
0 index.html 21:01:55 21:01:55
0 index.html 21:01:55 21:01:55
0 index.html 21:01:55 21:01:55
0 index.html 21:01:55 21:01:55
0 index.html 21:01:54 21:01:54
0 index.html 21:01:54 21:01:54
0 index.html 21:01:54 21:01:54
0 index.html 21:01:54 21:01:54
0 index.html 21:01:55 21:01:55
0 index.html 21:01:56 21:01:56
0 index.html 21:01:56 21:01:56
0 index.html 21:01:56 21:01:56
0 index.html 21:01:57 21:01:57
0 index.html 21:01:56 21:01:56
0 index.html 21:01:57 21:01:57
0 index.html 21:01:57 21:01:57
0 index.html 21:01:55 21:01:55
0 index.html 21:01:57 21:01:57
0 index.html 21:01:58 21:01:58
0 index.html 21:01:58 21:01:58
0 index.html 21:01:58 21:01:58
0 index.html 21:01:59 21:01:59
0 index.html 21:01:59 21:01:59
0 index.html 21:01:58 21:01:58
0 index.html 21:01:59 21:01:59
0 index.html 21:01:58 21:01:58
0 index.html 21:01:59 21:01:59
0 index.html 21:01:59 21:01:59
0 index.html 21:01:57 21:01:57
0 index.html 21:01:59 21:01:59
0 index.html 21:02:00 21:02:00
0 index.html 21:02:00 21:02:00
0 index.html 21:02:00 21:02:00
0 index.html 21:02:00 21:02:00
0 index.html 21:02:01 21:02:01
0 index.html 21:02:01 21:02:01
0 index.html 21:02:01 21:02:01
0 index.html 21:02:01 21:02:01
0 index.html 21:02:02 21:02:02
0 index.html 21:02:02 21:02:02
0 index.html 21:02:01 21:02:01
0 index.html 21:02:02 21:02:02
0 index.html 21:02:02 21:02:02
0 index.html 21:01:59 21:01:59
0 index.html 21:02:02 21:02:02
0 index.html 21:02:02 21:02:02
0 index.html 21:02:03 21:02:03
0 index.html 21:02:03 21:02:03
0 index.html 21:02:03 21:02:03
0 index.html 21:02:03 21:02:03
0 index.html 21:02:03 21:02:03
0 index.html 21:02:03 21:02:03
0 index.html 21:02:03 21:02:03
0 index.html 21:02:03 21:02:03
0 index.html 21:02:04 21:02:04
0 index.html 21:02:05 21:02:05
0 index.html 21:02:04 21:02:04
0 index.html 21:02:04 21:02:04
0 index.html 21:02:04 21:02:04
0 index.html 21:02:04 21:02:04
0 index.html 21:02:05 21:02:05
0 index.html 21:02:06 21:02:06
0 index.html 21:02:06 21:02:06
0 index.html 21:02:06 21:02:06
0 index.html 21:02:06 21:02:06
0 index.html 21:02:05 21:02:05
0 index.html 21:02:05 21:02:05
0 index.html 21:02:05 21:02:05
0 index.html 21:02:06 21:02:06
0 index.html 21:02:06 21:02:06
0 index.html 21:02:06 21:02:06
0 index.html 21:02:07 21:02:07
0 index.html 21:02:07 21:02:07
0 index.html 21:02:07 21:02:07
0 index.html 21:02:08 21:02:08
0 index.html 21:02:07 21:02:07
0 index.html 21:02:09 21:02:09
0 index.html 21:02:09 21:02:09
0 index.html 21:02:08 21:02:08
0 index.html 21:02:08 21:02:08
0 index.html 21:02:08 21:02:08
0 index.html 21:02:09 21:02:09
0 index.html 21:02:09 21:02:09
0 index.html 21:02:09 21:02:09
0 index.html 21:02:09 21:02:09
0 index.html 21:02:10 21:02:10
0 index.html 21:02:11 21:02:11
0 index.html 21:02:10 21:02:10
0 index.html 21:02:10 21:02:10
0 index.html 21:02:10 21:02:10
0 index.html 21:02:11 21:02:11
0 index.html 21:02:11 21:02:11
0 index.html 21:02:12 21:02:12
0 index.html 21:02:12 21:02:12
0 index.html 21:02:11 21:02:11
0 index.html 21:02:12 21:02:12
0 index.html 21:02:11 21:02:11
0 index.html 21:02:12 21:02:12
0 index.html 21:02:13 21:02:13
0 index.html 21:02:13 21:02:13
0 index.html 21:02:13 21:02:13
0 index.html 21:02:14 21:02:14
0 index.html 21:02:14 21:02:14
0 index.html 21:02:14 21:02:14
0 index.html 21:02:15 21:02:15
0 index.html 21:02:15 21:02:15
0 index.html 21:02:15 21:02:15
0 index.html 21:02:16 21:02:16
0 index.html 21:02:17 21:02:17
0 index.html 21:02:16 21:02:16
0 index.html 21:02:16 21:02:16
0 index.html 21:02:17 21:02:17
0 index.html 21:02:17 21:02:17
0 index.html 21:02:18 21:02:18
0 index.html 21:02:18 21:02:18
0 index.html 21:02:18 21:02:18
0 index.html 21:02:18 21:02:18
0 index.html 21:02:12 21:02:12
0 index.html 21:02:18 21:02:18
0 index.html 21:02:19 21:02:19
0 index.html 21:02:19 21:02:19
0 index.html 21:02:19 21:02:19
0 index.html 21:02:19 21:02:19
0 index.html 21:02:19 21:02:19
0 index.html 21:02:19 21:02:19
0 index.html 21:02:19 21:02:19
0 index.html 21:02:17 21:02:17
0 index.html 21:02:19 21:02:19
0 index.html 21:02:20 21:02:20
0 index.html 21:02:21 21:02:21
0 index.html 21:02:20 21:02:20
0 index.html 21:02:20 21:02:20
0 index.html 21:02:20 21:02:20
0 index.html 21:02:21 21:02:21
0 index.html 21:02:21 21:02:21
0 index.html 21:02:21 21:02:21
0 index.html 21:02:21 21:02:21
0 index.html 21:02:22 21:02:22
0 index.html 21:02:22 21:02:22
0 index.html 21:02:22 21:02:22
0 index.html 21:02:22 21:02:22
0 index.html 21:02:22 21:02:22
0 index.html 21:02:23 21:02:23
0 index.html 21:02:23 21:02:23
0 index.html 21:02:23 21:02:23
0 index.html 21:02:23 21:02:23
0 index.html 21:02:24 21:02:24
0 index.html 21:02:24 21:02:24
0 index.html 21:02:24 21:02:24
0 index.html 21:02:24 21:02:24
0 index.html 21:02:25 21:02:25
0 index.html 21:02:25 21:02:25
0 index.html 21:02:25 21:02:25
0 index.html 21:02:25 21:02:25
0 index.html 21:02:26 21:02:26
0 index.html 21:02:26 21:02:26
0 index.html 21:02:26 21:02:26
0 index.html 21:02:26 21:02:26
0 index.html 21:02:27 21:02:27
0 index.html 21:02:05 21:02:05
0 index.html 21:02:27 21:02:27
0 index.html 21:02:27 21:02:27
0 index.html 21:02:28 21:02:28
0 index.html 21:02:27 21:02:27
0 index.html 21:02:28 21:02:28
0 index.html 21:02:28 21:02:28
0 index.html 21:02:29 21:02:29
0 index.html 21:02:28 21:02:28
0 index.html 21:02:29 21:02:29
0 index.html 21:02:29 21:02:29
0 index.html 21:02:30 21:02:30
0 index.html 21:02:29 21:02:29
0 index.html 21:02:30 21:02:30
0 index.html 21:02:31 21:02:31
0 index.html 21:02:30 21:02:30
0 index.html 21:02:31 21:02:31
0 index.html 21:02:30 21:02:30
0 index.html 21:02:31 21:02:31
0 index.html 21:02:31 21:02:31
0 index.html 21:02:31 21:02:31
0 index.html 21:15:28 21:15:28
0 index.html 21:15:28 21:15:28
0 index.html 21:15:28 21:15:28
0 index.html 21:15:28 21:15:28
0 index.html 21:15:28 21:15:28
0 index.html 21:15:28 21:15:28
0 index.html 21:15:28 21:15:28
0 index.html 21:15:29 21:15:29
0 index.html 21:15:29 21:15:29
0 index.html 21:15:29 21:15:29
0 index.html 21:15:29 21:15:29
0 index.html 21:15:29 21:15:29
0 index.html 21:15:29 21:15:29
0 index.html 21:15:29 21:15:29
0 index.html 21:15:29 21:15:29
0 index.html 21:15:29 21:15:29
0 index.html 21:15:29 21:15:29
0 index.html 21:15:28 21:15:28
0 index.html 21:15:29 21:15:29
0 index.html 21:15:30 21:15:30
0 index.html 21:15:30 21:15:30
0 index.html 21:15:30 21:15:30
0 index.html 21:15:29 21:15:29
0 index.html 21:15:28 21:15:28
0 index.html 21:15:29 21:15:29
0 index.html 21:15:29 21:15:29
0 index.html 21:15:30 21:15:30
0 index.html 21:15:31 21:15:31
0 index.html 21:15:30 21:15:30
0 index.html 21:15:30 21:15:30
0 index.html 21:15:31 21:15:31
0 index.html 21:15:31 21:15:31
0 index.html 21:15:32 21:15:32
0 index.html 21:15:32 21:15:32
0 index.html 21:15:32 21:15:32
0 index.html 21:15:32 21:15:32
0 index.html 21:15:31 21:15:31
0 index.html 21:15:30 21:15:30
0 index.html 21:15:32 21:15:32
0 index.html 21:15:32 21:15:32
0 index.html 21:15:32 21:15:32
0 index.html 21:15:32 21:15:32
0 index.html 21:15:33 21:15:33
0 index.html 21:15:33 21:15:33
0 index.html 21:15:33 21:15:33
0 index.html 21:15:33 21:15:33
0 index.html 21:15:33 21:15:33
0 index.html 21:15:31 21:15:31
0 index.html 21:15:32 21:15:32
0 index.html 21:15:33 21:15:33
0 index.html 21:15:33 21:15:33
0 index.html 21:15:33 21:15:33
0 index.html 21:16:55 21:16:55
0 index.html 21:16:55 21:16:55
0 index.html 21:16:55 21:16:55
0 index.html 21:16:55 21:16:55
0 index.html 21:16:55 21:16:55
0 index.html 21:16:55 21:16:55
0 index.html 21:16:55 21:16:55
0 index.html 21:16:56 21:16:56
0 index.html 21:16:56 21:16:56
0 index.html 21:16:56 21:16:56
0 index.html 21:16:56 21:16:56
0 index.html 21:16:56 21:16:56
0 index.html 21:16:56 21:16:56
0 index.html 21:16:56 21:16:56
0 index.html 21:16:56 21:16:56
0 index.html 21:16:56 21:16:56
0 index.html 21:16:56 21:16:56
0 index.html 21:16:56 21:16:56
0 index.html 21:16:56 21:16:56
0 index.html 21:16:56 21:16:56
0 index.html 21:16:56 21:16:56
0 index.html 21:16:56 21:16:56
0 index.html 21:16:56 21:16:56
0 index.html 21:16:56 21:16:56
0 index.html 21:16:56 21:16:56
0 index.html 21:16:56 21:16:56
0 index.html 21:16:57 21:16:57
0 index.html 21:16:57 21:16:57
0 index.html 21:16:56 21:16:56
0 index.html 21:16:57 21:16:57
0 index.html 21:16:57 21:16:57
0 index.html 21:16:56 21:16:56
0 index.html 21:16:57 21:16:57
0 index.html 21:16:57 21:16:57
0 index.html 21:16:57 21:16:57
0 index.html 21:16:56 21:16:56
0 index.html 21:16:56 21:16:56
0 index.html 21:16:57 21:16:57
0 index.html 21:16:57 21:16:57
0 index.html 21:16:58 21:16:58
0 index.html 21:16:58 21:16:58
0 index.html 21:16:57 21:16:57
0 index.html 21:16:57 21:16:57
0 index.html 21:16:58 21:16:58
0 index.html 21:16:58 21:16:58
0 index.html 21:16:58 21:16:58
0 index.html 21:16:58 21:16:58
0 index.html 21:16:58 21:16:58
0 index.html 21:16:59 21:16:59
0 index.html 21:16:58 21:16:58
0 index.html 21:16:58 21:16:58
0 index.html 21:16:58 21:16:58
0 index.html 21:16:58 21:16:58
0 dijkstra.html 21:17:13 21:17:13
0 index.html 21:17:21 21:17:21
0 index.html 21:17:23 21:17:23
0 index.html 21:17:23 21:17:23
0 index.html 21:17:23 21:17:23
0 index.html 21:17:23 21:17:23
0 index.html 21:17:23 21:17:23
0 index.html 21:17:23 21:17:23
0 index.html 21:17:23 21:17:23
0 index.html 21:17:23 21:17:23
0 index.html 21:17:23 21:17:23
0 index.html 21:17:24 21:17:24
0 index.html 21:17:24 21:17:24
0 index.html 21:17:23 21:17:23
0 index.html 21:17:24 21:17:24
0 index.html 21:17:24 21:17:24
0 index.html 21:17:25 21:17:25
0 index.html 21:17:25 21:17:25
0 index.html 21:17:25 21:17:25
0 index.html 21:17:25 21:17:25
0 index.html 21:17:25 21:17:25
0 index.html 21:17:25 21:17:25
0 index.html 21:17:25 21:17:25
0 index.html 21:17:25 21:17:25
0 index.html 21:17:25 21:17:25
0 index.html 21:17:25 21:17:25
0 index.html 21:17:25 21:17:25
0 index.html 21:17:23 21:17:23
0 index.html 21:17:25 21:17:25
0 index.html 21:17:26 21:17:26
0 index.html 21:17:26 21:17:26
0 index.html 21:17:26 21:17:26
0 index.html 21:17:26 21:17:26
0 index.html 21:17:26 21:17:26
0 index.html 21:17:26 21:17:26
0 index.html 21:17:26 21:17:26
0 index.html 21:17:26 21:17:26
0 index.html 21:17:25 21:17:25
0 index.html 21:17:26 21:17:26
0 index.html 21:17:26 21:17:26
0 index.html 21:17:26 21:17:26
0 index.html 21:17:23 21:17:23
0 index.html 21:17:26 21:17:26
0 index.html 21:17:24 21:17:24
0 index.html 21:17:25 21:17:25
0 index.html 21:17:27 21:17:27
0 dijkstra.html 21:17:27 21:17:27
0 index.html 21:17:26 21:17:26
0 index.html 21:17:26 21:17:26
0 index.html 21:17:26 21:17:26
0 index.html 21:17:27 21:17:27
0 dijkstra.html 21:19:05 21:19:05
0 dijkstra.html 21:19:06 21:19:06
0 dijkstra.html 21:19:06 21:19:06
0 dijkstra.html 21:19:06 21:19:06
0 dijkstra.html 21:19:06 21:19:06
0 dijkstra.html 21:19:07 21:19:07
0 dijkstra.html 21:19:07 21:19:07
0 dijkstra.html 21:19:07 21:19:07
0 dijkstra.html 21:19:07 21:19:07
0 dijkstra.html 21:19:07 21:19:07
0 dijkstra.html 21:19:07 21:19:07
0 dijkstra.html 21:19:07 21:19:07
0 dijkstra.html 21:19:07 21:19:07
0 dijkstra.html 21:19:07 21:19:07
0 dijkstra.html 21:19:07 21:19:07
0 dijkstra.html 21:19:07 21:19:07
0 dijkstra.html 21:19:07 21:19:07
0 dijkstra.html 21:19:07 21:19:07
0 dijkstra.html 21:19:07 21:19:07
0 dijkstra.html 21:19:08 21:19:08
0 dijkstra.html 21:19:08 21:19:08
0 dijkstra.html 21:19:08 21:19:08
0 dijkstra.html 21:19:08 21:19:08
0 dijkstra.html 21:19:08 21:19:08
0 dijkstra.html 21:19:08 21:19:08
0 dijkstra.html 21:19:08 21:19:08
0 dijkstra.html 21:19:08 21:19:08
0 dijkstra.html 21:19:08 21:19:08
0 dijkstra.html 21:19:08 21:19:08
0 dijkstra.html 21:19:08 21:19:08
0 dijkstra.html 21:19:08 21:19:08
0 dijkstra.html 21:19:08 21:19:08
0 dijkstra.html 21:19:08 21:19:08
0 dijkstra.html 21:19:08 21:19:08
0 dijkstra.html 21:19:08 21:19:08
0 dijkstra.html 21:19:08 21:19:08
0 dijkstra.html 21:19:08 21:19:08
0 dijkstra.html 21:19:08 21:19:08
0 dijkstra.html 21:19:08 21:19:08
0 dijkstra.html 21:19:09 21:19:09
0 dijkstra.html 21:19:09 21:19:09
0 dijkstra.html 21:19:09 21:19:09
0 dijkstra.html 21:19:09 21:19:09
0 dijkstra.html 21:19:09 21:19:09
0 dijkstra.html 21:19:09 21:19:09
0 dijkstra.html 21:19:09 21:19:09
0 dijkstra.html 21:19:09 21:19:09
0 dijkstra.html 21:19:09 21:19:09
0 dijkstra.html 21:19:09 21:19:09
0 dijkstra.html 21:19:09 21:19:09
0 dijkstra.html 21:19:09 21:19:09
0 dijkstra.html 21:19:09 21:19:09
0 dijkstra.html 21:19:09 21:19:09
0 dijkstra.html 21:19:09 21:19:09
0 dijkstra.html 21:19:09 21:19:09
0 dijkstra.html 21:19:09 21:19:09
0 dijkstra.html 21:19:09 21:19:09
0 dijkstra.html 21:19:09 21:19:09
0 dijkstra.html 21:19:09 21:19:09
0 dijkstra.html 21:19:09 21:19:09
0 dijkstra.html 21:19:09 21:19:09
0 dijkstra.html 21:19:09 21:19:09
0 dijkstra.html 21:19:09 21:19:09
0 dijkstra.html 21:19:09 21:19:09
0 dijkstra.html 21:19:10 21:19:10
0 dijkstra.html 21:19:10 21:19:10
0 dijkstra.html 21:19:09 21:19:09
0 dijkstra.html 21:19:10 21:19:10
0 dijkstra.html 21:19:10 21:19:10
0 dijkstra.html 21:19:09 21:19:09
0 dijkstra.html 21:19:10 21:19:10
0 dijkstra.html 21:19:10 21:19:10
0 dijkstra.html 21:19:10 21:19:10
0 dijkstra.html 21:19:10 21:19:10
0 dijkstra.html 21:19:10 21:19:10
0 dijkstra.html 21:19:10 21:19:10
0 dijkstra.html 21:19:10 21:19:10
0 dijkstra.html 21:19:10 21:19:10
0 dijkstra.html 21:19:10 21:19:10
0 dijkstra.html 21:19:10 21:19:10
0 dijkstra.html 21:19:10 21:19:10
0 dijkstra.html 21:19:10 21:19:10
0 dijkstra.html 21:19:10 21:19:10
0 dijkstra.html 21:19:10 21:19:10
0 dijkstra.html 21:19:10 21:19:10
0 dijkstra.html 21:19:10 21:19:10
0 dijkstra.html 21:19:10 21:19:10
0 dijkstra.html 21:19:10 21:19:10
0 dijkstra.html 21:19:10 21:19:10
0 dijkstra.html 21:19:11 21:19:11
0 dijkstra.html 21:19:10 21:19:10
0 dijkstra.html 21:19:10 21:19:10
0 dijkstra.html 21:19:11 21:19:11
0 dijkstra.html 21:19:10 21:19:10
0 dijkstra.html 21:19:11 21:19:11
0 dijkstra.html 21:19:11 21:19:11
0 dijkstra.html 21:19:11 21:19:11
0 dijkstra.html 21:19:11 21:19:11
0 dijkstra.html 21:19:11 21:19:11
0 dijkstra.html 21:19:11 21:19:11
0 dijkstra.html 21:19:11 21:19:11
0 dijkstra.html 21:19:11 21:19:11
0 dijkstra.html 21:19:11 21:19:11
0 dijkstra.html 21:19:11 21:19:11
0 dijkstra.html 21:19:11 21:19:11
0 dijkstra.html 21:19:11 21:19:11
0 dijkstra.html 21:19:11 21:19:11
0 dijkstra.html 21:19:11 21:19:11
0 dijkstra.html 21:19:11 21:19:11
0 dijkstra.html 21:19:11 21:19:11
0 dijkstra.html 21:19:11 21:19:11
0 dijkstra.html 21:19:11 21:19:11
0 dijkstra.html 21:19:11 21:19:11
0 dijkstra.html 21:19:12 21:19:12
0 dijkstra.html 21:19:12 21:19:12
0 dijkstra.html 21:19:12 21:19:12
0 dijkstra.html 21:19:11 21:19:11
0 dijkstra.html 21:19:12 21:19:12
0 dijkstra.html 21:19:12 21:19:12
0 dijkstra.html 21:19:12 21:19:12
0 dijkstra.html 21:19:12 21:19:12
0 dijkstra.html 21:19:12 21:19:12
0 dijkstra.html 21:19:12 21:19:12
0 dijkstra.html 21:19:12 21:19:12
0 dijkstra.html 21:19:12 21:19:12
0 dijkstra.html 21:19:12 21:19:12
0 dijkstra.html 21:19:12 21:19:12
0 dijkstra.html 21:19:12 21:19:12
0 dijkstra.html 21:19:12 21:19:12
0 dijkstra.html 21:19:12 21:19:12
0 dijkstra.html 21:19:12 21:19:12
0 dijkstra.html 21:19:12 21:19:12
0 dijkstra.html 21:19:12 21:19:12
0 dijkstra.html 21:19:12 21:19:12
0 dijkstra.html 21:19:12 21:19:12
0 dijkstra.html 21:19:12 21:19:12
0 dijkstra.html 21:19:12 21:19:12
0 dijkstra.html 21:19:12 21:19:12
0 dijkstra.html 21:19:13 21:19:13
0 dijkstra.html 21:19:13 21:19:13
0 dijkstra.html 21:19:13 21:19:13
0 dijkstra.html 21:19:13 21:19:13
0 dijkstra.html 21:19:13 21:19:13
0 dijkstra.html 21:19:13 21:19:13
0 dijkstra.html 21:19:13 21:19:13
0 dijkstra.html 21:19:13 21:19:13
0 dijkstra.html 21:19:13 21:19:13
0 dijkstra.html 21:19:13 21:19:13
0 dijkstra.html 21:19:12 21:19:12
0 dijkstra.html 21:19:13 21:19:13
0 dijkstra.html 21:19:13 21:19:13
0 dijkstra.html 21:19:13 21:19:13
0 dijkstra.html 21:19:13 21:19:13
0 dijkstra.html 21:19:13 21:19:13
0 dijkstra.html 21:19:13 21:19:13
0 dijkstra.html 21:19:13 21:19:13
0 dijkstra.html 21:19:13 21:19:13
0 dijkstra.html 21:19:13 21:19:13
0 dijkstra.html 21:19:13 21:19:13
0 dijkstra.html 21:19:13 21:19:13
0 dijkstra.html 21:19:14 21:19:14
0 dijkstra.html 21:19:13 21:19:13
0 dijkstra.html 21:19:14 21:19:14
0 dijkstra.html 21:19:13 21:19:13
0 dijkstra.html 21:19:13 21:19:13
0 dijkstra.html 21:19:14 21:19:14
0 dijkstra.html 21:19:14 21:19:14
0 dijkstra.html 21:19:14 21:19:14
0 dijkstra.html 21:19:14 21:19:14
0 dijkstra.html 21:19:14 21:19:14
0 dijkstra.html 21:19:14 21:19:14
0 dijkstra.html 21:19:14 21:19:14
0 dijkstra.html 21:19:14 21:19:14
0 dijkstra.html 21:19:14 21:19:14
0 dijkstra.html 21:19:14 21:19:14
0 dijkstra.html 21:19:14 21:19:14
0 dijkstra.html 21:19:14 21:19:14
0 dijkstra.html 21:19:14 21:19:14
0 dijkstra.html 21:19:14 21:19:14
0 dijkstra.html 21:19:14 21:19:14
0 dijkstra.html 21:19:14 21:19:14
0 dijkstra.html 21:19:14 21:19:14
0 dijkstra.html 21:19:14 21:19:14
0 dijkstra.html 21:19:14 21:19:14
0 dijkstra.html 21:19:15 21:19:15
0 dijkstra.html 21:19:15 21:19:15
0 dijkstra.html 21:19:14 21:19:14
0 dijkstra.html 21:19:15 21:19:15
0 dijkstra.html 21:19:15 21:19:15
0 dijkstra.html 21:19:15 21:19:15
0 dijkstra.html 21:19:14 21:19:14
0 dijkstra.html 21:19:15 21:19:15
0 dijkstra.html 21:19:14 21:19:14
0 dijkstra.html 21:19:15 21:19:15
0 dijkstra.html 21:19:15 21:19:15
0 dijkstra.html 21:19:15 21:19:15
0 dijkstra.html 21:19:15 21:19:15
0 dijkstra.html 21:19:15 21:19:15
0 dijkstra.html 21:19:15 21:19:15
0 dijkstra.html 21:19:15 21:19:15
0 dijkstra.html 21:19:15 21:19:15
0 dijkstra.html 21:19:15 21:19:15
0 dijkstra.html 21:19:15 21:19:15
0 dijkstra.html 21:19:15 21:19:15
0 dijkstra.html 21:19:15 21:19:15
0 dijkstra.html 21:19:15 21:19:15
0 dijkstra.html 21:19:15 21:19:15
0 dijkstra.html 21:19:15 21:19:15
0 dijkstra.html 21:19:15 21:19:15
0 dijkstra.html 21:19:16 21:19:16
0 dijkstra.html 21:19:15 21:19:15
0 dijkstra.html 21:19:16 21:19:16
0 dijkstra.html 21:19:16 21:19:16
0 dijkstra.html 21:19:16 21:19:16
0 dijkstra.html 21:19:16 21:19:16
0 dijkstra.html 21:19:16 21:19:16
0 dijkstra.html 21:19:15 21:19:15
0 dijkstra.html 21:19:16 21:19:16
0 dijkstra.html 21:19:16 21:19:16
0 dijkstra.html 21:19:16 21:19:16
0 dijkstra.html 21:19:16 21:19:16
0 dijkstra.html 21:19:16 21:19:16
0 dijkstra.html 21:19:16 21:19:16
0 dijkstra.html 21:19:16 21:19:16
0 dijkstra.html 21:19:16 21:19:16
0 dijkstra.html 21:19:16 21:19:16
0 dijkstra.html 21:19:16 21:19:16
0 dijkstra.html 21:19:16 21:19:16
0 dijkstra.html 21:19:16 21:19:16
0 dijkstra.html 21:19:16 21:19:16
0 dijkstra.html 21:19:16 21:19:16
0 dijkstra.html 21:19:16 21:19:16
0 dijkstra.html 21:19:16 21:19:16
0 dijkstra.html 21:19:16 21:19:16
0 dijkstra.html 21:19:17 21:19:17
0 dijkstra.html 21:19:17 21:19:17
0 dijkstra.html 21:19:17 21:19:17
0 dijkstra.html 21:19:17 21:19:17
0 dijkstra.html 21:19:17 21:19:17
0 dijkstra.html 21:19:17 21:19:17
0 dijkstra.html 21:19:17 21:19:17
0 dijkstra.html 21:19:16 21:19:16
0 dijkstra.html 21:19:17 21:19:17
0 dijkstra.html 21:19:17 21:19:17
0 dijkstra.html 21:19:16 21:19:16
0 dijkstra.html 21:19:17 21:19:17
0 dijkstra.html 21:19:17 21:19:17
0 dijkstra.html 21:19:17 21:19:17
0 dijkstra.html 21:19:17 21:19:17
0 dijkstra.html 21:19:17 21:19:17
0 dijkstra.html 21:19:17 21:19:17
0 dijkstra.html 21:19:17 21:19:17
0 dijkstra.html 21:19:17 21:19:17
0 dijkstra.html 21:19:17 21:19:17
0 dijkstra.html 21:19:17 21:19:17
0 dijkstra.html 21:19:17 21:19:17
0 dijkstra.html 21:19:18 21:19:18
0 dijkstra.html 21:19:18 21:19:18
0 dijkstra.html 21:19:18 21:19:18
0 dijkstra.html 21:19:18 21:19:18
0 dijkstra.html 21:19:18 21:19:18
0 dijkstra.html 21:19:17 21:19:17
0 dijkstra.html 21:19:18 21:19:18
0 dijkstra.html 21:19:18 21:19:18
0 dijkstra.html 21:19:18 21:19:18
0 dijkstra.html 21:19:18 21:19:18
0 dijkstra.html 21:19:18 21:19:18
0 dijkstra.html 21:19:18 21:19:18
0 dijkstra.html 21:19:18 21:19:18
0 dijkstra.html 21:19:18 21:19:18
0 dijkstra.html 21:19:18 21:19:18
0 dijkstra.html 21:19:18 21:19:18
0 dijkstra.html 21:19:18 21:19:18
0 dijkstra.html 21:19:18 21:19:18
0 dijkstra.html 21:19:18 21:19:18
0 dijkstra.html 21:19:18 21:19:18
0 dijkstra.html 21:19:18 21:19:18
0 dijkstra.html 21:19:18 21:19:18
0 dijkstra.html 21:19:18 21:19:18
0 dijkstra.html 21:19:19 21:19:19
0 dijkstra.html 21:19:19 21:19:19
0 dijkstra.html 21:19:18 21:19:18
0 dijkstra.html 21:19:18 21:19:18
0 dijkstra.html 21:19:19 21:19:19
0 dijkstra.html 21:19:19 21:19:19
0 dijkstra.html 21:19:19 21:19:19
0 dijkstra.html 21:19:19 21:19:19
0 dijkstra.html 21:19:19 21:19:19
0 dijkstra.html 21:19:19 21:19:19
0 dijkstra.html 21:19:19 21:19:19
0 dijkstra.html 21:19:19 21:19:19
0 dijkstra.html 21:19:19 21:19:19
0 dijkstra.html 21:19:19 21:19:19
0 dijkstra.html 21:19:19 21:19:19
0 dijkstra.html 21:19:19 21:19:19
0 dijkstra.html 21:19:19 21:19:19
0 dijkstra.html 21:19:19 21:19:19
0 dijkstra.html 21:19:19 21:19:19
0 dijkstra.html 21:19:19 21:19:19
0 dijkstra.html 21:19:19 21:19:19
0 dijkstra.html 21:19:19 21:19:19
0 dijkstra.html 21:19:20 21:19:20
0 index.html 21:31:10 21:31:10
1 a.gz 21:31:18 21:31:18
1 a.gz 21:31:18 21:31:18
1 a.gz 21:31:18 21:31:18
1 a.gz 21:31:18 21:31:18
1 a.gz 21:31:18 21:31:18
1 a.gz 21:31:18 21:31:18
1 a.gz 21:31:18 21:31:18
1 a.gz 21:31:18 21:31:18
1 a.gz 21:31:18 21:31:18
1 a.gz 21:31:19 21:31:19
0 index.html 21:43:01 21:43:01
1 a.gz 21:43:08 21:43:08
1 a.gz 21:57:44 21:57:44
1 a.gz 21:57:45 21:57:45
1 a.gz 21:57:45 21:57:45
1 a.gz 22:34:56 22:34:56
1 b.gz 22:35:00 22:35:00
1 c.gz 22:35:12 22:35:12
1 c.gz 22:35:12 22:35:12
1 c.gz 22:35:12 22:35:12
1 c.gz 22:35:12 22:35:12
1 c.gz 22:35:12 22:35:12
1 c.gz 22:35:12 22:35:12
1 c.gz 22:35:12 22:35:12
1 c.gz 22:35:12 22:35:12
1 c.gz 22:35:12 22:35:12
1 c.gz 22:35:12 22:35:12
1 a.gz 22:35:30 22:35:30
1 a.gz 22:37:05 22:37:05
1 b.gz 22:37:07 22:37:07
1 c.gz 22:37:10 22:37:10
1 c.gz 22:37:14 22:37:14
1 aadasd.gz 22:37:20 22:37:20
1 a.gz 22:37:32 22:37:32
1 a.gz 22:37:47 22:37:47
1 b.gz 22:37:49 22:37:49
